<?xml version="1.0" encoding="UTF-8"?>
<testng-results ignored="0" total="1" passed="1" failed="0" skipped="0">
  <reporter-output>
  </reporter-output>
  <suite started-at="2022-01-30T23:37:06 IST" name="Default suite" finished-at="2022-01-30T23:37:06 IST" duration-ms="40">
    <groups>
    </groups>
    <test started-at="2022-01-30T23:37:06 IST" name="Default test" finished-at="2022-01-30T23:37:06 IST" duration-ms="40">
      <class name="day10.stringpgm">
        <test-method signature="gethastestd()[pri:0, instance:day10.stringpgm@2f8dad04]" started-at="2022-01-30T23:37:06 IST" name="gethastestd" finished-at="2022-01-30T23:37:06 IST" duration-ms="7" status="PASS">
          <reporter-output>
          </reporter-output>
        </test-method> <!-- gethastestd -->
      </class> <!-- day10.stringpgm -->
    </test> <!-- Default test -->
  </suite> <!-- Default suite -->
</testng-results>
